[2026-04-14 02:46:41] GET    /Ticketmaestrix/          → 200  (179ms)
[2026-04-14 02:47:32] GET    /Ticketmaestrix/          → 200  (42ms)
[2026-04-14 02:49:36] GET    /Ticketmaestrix/          → 200  (172ms)
[2026-04-14 02:56:14] GET    /Ticketmaestrix/          → 200  (178ms)
[2026-04-14 02:57:17] GET    /Ticketmaestrix/          → 200  (162ms)
[2026-04-14 02:59:56] GET    /Ticketmaestrix/          → 200  (45ms)
[2026-04-14 02:59:58] GET    /Ticketmaestrix/          → 200  (29ms)
[2026-04-14 02:59:59] GET    /Ticketmaestrix/          → 200  (31ms)
[2026-04-14 03:00:39] GET    /Ticketmaestrix/          → 200  (52ms)
[2026-04-14 03:01:16] GET    /Ticketmaestrix/          → 200  (60ms)
[2026-04-14 03:01:17] GET    /Ticketmaestrix/events    → 404  (32ms)
[2026-04-14 03:03:32] GET    /Ticketmaestrix/          → 200  (100ms)
[2026-04-14 03:03:34] GET    /Ticketmaestrix/          → 200  (44ms)
[2026-04-14 03:03:35] GET    /Ticketmaestrix/          → 200  (49ms)
[2026-04-14 03:05:48] GET    /Ticketmaestrix/          → 200  (92ms)
[2026-04-14 03:05:54] GET    /Ticketmaestrix/events    → 404  (26ms)
[2026-04-14 03:08:10] GET    /Ticketmaestrix/          → 200  (112ms)
[2026-04-14 03:08:26] GET    /Ticketmaestrix/          → 200  (121ms)
[2026-04-14 03:08:33] GET    /Ticketmaestrix/          → 200  (69ms)
[2026-04-14 03:08:49] GET    /Ticketmaestrix/          → 200  (74ms)
[2026-04-14 03:08:54] GET    /Ticketmaestrix/          → 200  (95ms)
[2026-04-14 03:10:06] GET    /Ticketmaestrix/          → 200  (52ms)
[2026-04-14 03:10:19] GET    /Ticketmaestrix/          → 200  (46ms)
[2026-04-14 03:10:31] GET    /Ticketmaestrix/          → 200  (117ms)
[2026-04-14 03:11:06] GET    /Ticketmaestrix/          → 200  (30ms)
[2026-04-14 03:11:24] GET    /Ticketmaestrix/          → 200  (67ms)
[2026-04-14 03:19:36] GET    /Ticketmaestrix/          → 200  (132ms)
[2026-04-14 03:19:39] GET    /Ticketmaestrix/          → 200  (56ms)
[2026-04-14 03:19:46] GET    /Ticketmaestrix/          → 200  (100ms)
[2026-04-14 03:26:38] GET    /Ticketmaestrix/events    → 404  (62ms)
[2026-04-14 03:39:59] GET    /Ticketmaestrix/events    → 404  (40ms)
[2026-04-14 03:40:00] GET    /Ticketmaestrix/          → 200  (36ms)
[2026-04-14 03:40:03] GET    /Ticketmaestrix/          → 200  (19ms)
[2026-04-14 03:48:56] GET    /Ticketmaestrix/          → 200  (34ms)
[2026-04-16 02:03:40] GET    /Ticketmaestrix/          → 200  (7192ms)
[2026-04-16 02:08:29] GET    /Ticketmaestrix/events    → 404  (1050ms)
[2026-04-16 02:08:36] GET    /Ticketmaestrix/events    → 404  (22ms)
[2026-04-16 02:23:47] GET    /Ticketmaestrix/profile   → 404  (12ms)
[2026-04-16 02:23:55] GET    /Ticketmaestrix/signup    → 404  (11ms)
[2026-04-16 02:26:22] GET    /Ticketmaestrix/signup    → 500  (136ms)
[2026-04-16 02:30:00] GET    /Ticketmaestrix/          → 200  (31ms)
[2026-04-16 02:44:13] GET    /Ticketmaestrix/signup    → 200  (42ms)
[2026-04-16 02:45:15] GET    /Ticketmaestrix/signup    → 200  (15ms)
[2026-04-16 02:45:21] GET    /Ticketmaestrix/signup    → 200  (29ms)
[2026-04-16 02:59:22] GET    /Ticketmaestrix/signup    → 200  (36ms)
[2026-04-16 03:04:33] GET    /Ticketmaestrix/signup    → 200  (65ms)
[2026-04-16 03:04:40] GET    /Ticketmaestrix/signup    → 200  (55ms)
[2026-04-16 03:04:58] GET    /Ticketmaestrix/signup    → 200  (15ms)
[2026-04-16 03:06:37] GET    /Ticketmaestrix/signup    → 200  (102ms)
[2026-04-16 03:08:41] GET    /Ticketmaestrix/signup    → 200  (64ms)
[2026-04-16 03:13:13] GET    /Ticketmaestrix/signup    → 200  (102ms)
[2026-04-16 03:13:14] GET    /Ticketmaestrix/signup    → 200  (23ms)
[2026-04-16 03:13:37] GET    /Ticketmaestrix/signup    → 200  (23ms)
[2026-04-16 03:13:37] GET    /Ticketmaestrix/signup    → 200  (211ms)
[2026-04-16 03:13:37] GET    /Ticketmaestrix/signup    → 200  (30ms)
[2026-04-18 01:14:16] GET    /Ticketmaestrix/          → 200  (6174ms)
[2026-04-18 01:20:46] GET    /Ticketmaestrix/profile   → 404  (1197ms)
[2026-04-18 01:20:56] GET    /Ticketmaestrix/signup    → 200  (21ms)
[2026-04-18 01:29:48] GET    /Ticketmaestrix/login     → 500  (113ms)
[2026-04-18 01:31:16] GET    /Ticketmaestrix/login     → 500  (11ms)
[2026-04-18 01:32:36] GET    /Ticketmaestrix/home      → 404  (22ms)
[2026-04-18 01:32:44] GET    /Ticketmaestrix/home      → 404  (10ms)
[2026-04-18 01:32:44] GET    /Ticketmaestrix/login     → 500  (14ms)
[2026-04-18 01:32:46] GET    /Ticketmaestrix/          → 200  (34ms)
[2026-04-18 01:33:38] GET    /Ticketmaestrix/signup    → 200  (43ms)
[2026-04-18 01:34:16] GET    /Ticketmaestrix/          → 200  (33ms)
[2026-04-18 01:34:20] GET    /Ticketmaestrix/signup    → 200  (21ms)
[2026-04-18 01:34:22] GET    /Ticketmaestrix/login     → 500  (8ms)
[2026-04-18 01:38:18] GET    /Ticketmaestrix/login     → 500  (48ms)
[2026-04-18 01:38:19] GET    /Ticketmaestrix/login     → 500  (12ms)
[2026-04-18 01:39:04] GET    /Ticketmaestrix/login     → 500  (109ms)
[2026-04-18 01:39:05] GET    /Ticketmaestrix/login     → 500  (184ms)
[2026-04-18 01:39:07] GET    /Ticketmaestrix/login     → 500  (9ms)
[2026-04-18 01:45:49] GET    /Ticketmaestrix/login     → 200  (84ms)
[2026-04-18 01:46:19] GET    /Ticketmaestrix/login     → 200  (164ms)
[2026-04-18 01:46:20] GET    /ticketmaestrix/signup    → 404  (13ms)
[2026-04-18 01:46:23] GET    /ticketmaestrix/signup    → 404  (300ms)
[2026-04-18 01:46:38] GET    /ticketmaestrix/signup    → 404  (11ms)
[2026-04-18 01:46:53] GET    /Ticketmaestrix/          → 200  (48ms)
[2026-04-18 01:46:59] GET    /Ticketmaestrix/signup    → 200  (13ms)
[2026-04-18 01:47:01] GET    /Ticketmaestrix/login     → 200  (15ms)
[2026-04-18 01:47:02] GET    /Ticketmaestrix/signup    → 200  (16ms)
[2026-04-18 01:47:03] GET    /Ticketmaestrix/login     → 200  (10ms)
[2026-04-18 01:47:04] GET    /Ticketmaestrix/signup    → 200  (11ms)
[2026-04-18 01:48:17] GET    /Ticketmaestrix/signup    → 200  (13ms)
[2026-04-18 01:48:18] GET    /Ticketmaestrix/signup    → 200  (14ms)
[2026-04-18 01:48:19] GET    /Ticketmaestrix/signup    → 200  (11ms)
[2026-04-18 01:48:27] GET    /Ticketmaestrix/login     → 200  (41ms)
[2026-04-18 01:50:27] GET    /Ticketmaestrix/login     → 200  (197ms)
[2026-04-18 01:54:28] GET    /Ticketmaestrix/login     → 200  (26ms)
[2026-04-18 01:54:28] GET    /Ticketmaestrix/login     → 200  (54ms)
[2026-04-18 01:54:29] GET    /Ticketmaestrix/login     → 200  (12ms)
[2026-04-18 01:54:30] GET    /Ticketmaestrix/login     → 200  (29ms)
[2026-04-18 01:54:34] GET    /Ticketmaestrix/          → 200  (59ms)
[2026-04-18 01:54:37] GET    /Ticketmaestrix/login     → 200  (16ms)
[2026-04-18 01:54:45] GET    /Ticketmaestrix/login     → 200  (73ms)
[2026-04-18 01:54:47] GET    /Ticketmaestrix/forgot_password → 404  (12ms)
[2026-04-18 02:16:23] GET    /Ticketmaestrix/forgot_password → 404  (16ms)
[2026-04-18 02:16:41] GET    /Ticketmaestrix/forgot_password → 404  (12ms)
[2026-04-18 02:16:42] GET    /Ticketmaestrix/forgot_password → 404  (7ms)
[2026-04-18 02:16:43] GET    /Ticketmaestrix/forgot_password → 404  (10ms)
[2026-04-18 02:16:48] GET    /Ticketmaestrix/          → 200  (75ms)
[2026-04-18 02:16:54] GET    /Ticketmaestrix/login     → 200  (67ms)
[2026-04-18 02:16:57] GET    /Ticketmaestrix/forgot_password_p1 → 200  (43ms)
[2026-04-18 02:22:50] GET    /Ticketmaestrix/forgot_password_p1 → 200  (118ms)
[2026-04-18 02:23:19] GET    /Ticketmaestrix/forgot_password_p1 → 200  (49ms)
[2026-04-18 02:27:11] GET    /Ticketmaestrix/forgot_password_p1 → 404  (22ms)
[2026-04-18 02:27:26] GET    /Ticketmaestrix/          → 200  (59ms)
[2026-04-18 02:27:30] GET    /Ticketmaestrix/login     → 200  (44ms)
[2026-04-18 02:27:32] GET    /Ticketmaestrix/forgotpassword → 200  (48ms)
[2026-04-18 02:27:47] GET    /Ticketmaestrix/verificationcode → 200  (22ms)
[2026-04-18 02:30:38] GET    /Ticketmaestrix/forgotpassword → 200  (48ms)
[2026-04-18 02:32:15] GET    /Ticketmaestrix/verificationcode → 200  (58ms)
[2026-04-18 02:32:49] GET    /Ticketmaestrix/verificationcode → 200  (530ms)
[2026-04-18 02:36:06] GET    /Ticketmaestrix/verificationcode → 200  (52ms)
[2026-04-18 02:36:09] GET    /Ticketmaestrix/forgotpassword → 200  (46ms)
[2026-04-18 02:36:16] GET    /Ticketmaestrix/verificationcode → 200  (27ms)
[2026-04-18 02:36:22] GET    /Ticketmaestrix/          → 200  (35ms)
[2026-04-18 02:36:25] GET    /Ticketmaestrix/verificationcode → 200  (14ms)
[2026-04-18 02:37:32] GET    /Ticketmaestrix/verificationcode → 200  (15ms)
[2026-04-18 02:40:11] GET    /Ticketmaestrix/verificationcode → 200  (22ms)
[2026-04-18 02:40:52] GET    /Ticketmaestrix/          → 200  (160ms)
[2026-04-18 02:40:57] GET    /Ticketmaestrix/verificationcode → 200  (14ms)
[2026-04-18 02:41:33] GET    /Ticketmaestrix/newpassword → 200  (14ms)
[2026-04-18 02:42:28] GET    /Ticketmaestrix/          → 200  (37ms)
[2026-04-18 02:42:32] GET    /Ticketmaestrix/verificationcode → 200  (22ms)
[2026-04-18 04:04:53] GET    /Ticketmaestrix/newpassword → 200  (358ms)
[2026-04-18 04:06:46] GET    /Ticketmaestrix/signup    → 200  (32ms)
[2026-04-18 04:06:54] GET    /Ticketmaestrix/login     → 200  (49ms)
